[debug] [2023-02-11T05:36:14.579Z] ----------------------------------------------------------------------
[debug] [2023-02-11T05:36:14.581Z] Command:       C:\Program Files\nodejs\node.exe C:\Users\Munna\AppData\Roaming\npm\node_modules\firebase-tools\lib\bin\firebase.js deploy
[debug] [2023-02-11T05:36:14.581Z] CLI Version:   11.20.0
[debug] [2023-02-11T05:36:14.582Z] Platform:      win32
[debug] [2023-02-11T05:36:14.582Z] Node Version:  v18.7.0
[debug] [2023-02-11T05:36:14.592Z] Time:          Sat Feb 11 2023 11:36:14 GMT+0600 (Bangladesh Standard Time)
[debug] [2023-02-11T05:36:14.593Z] ----------------------------------------------------------------------
[debug] 
[debug] [2023-02-11T05:36:14.695Z] > command requires scopes: ["email","openid","https://www.googleapis.com/auth/cloudplatformprojects.readonly","https://www.googleapis.com/auth/firebase","https://www.googleapis.com/auth/cloud-platform"]
[debug] [2023-02-11T05:36:14.695Z] > authorizing via signed-in user (saifuddinmonna@gmail.com)
[debug] [2023-02-11T05:36:14.695Z] [iam] checking project saifuddinahammed-monna for permissions ["firebase.projects.get","firebasehosting.sites.update"]
[debug] [2023-02-11T05:36:14.698Z] >>> [apiv2][query] POST https://cloudresourcemanager.googleapis.com/v1/projects/saifuddinahammed-monna:testIamPermissions [none]
[debug] [2023-02-11T05:36:14.699Z] >>> [apiv2][(partial)header] POST https://cloudresourcemanager.googleapis.com/v1/projects/saifuddinahammed-monna:testIamPermissions x-goog-quota-user=projects/saifuddinahammed-monna
[debug] [2023-02-11T05:36:14.699Z] >>> [apiv2][body] POST https://cloudresourcemanager.googleapis.com/v1/projects/saifuddinahammed-monna:testIamPermissions {"permissions":["firebase.projects.get","firebasehosting.sites.update"]}
[debug] [2023-02-11T05:36:14.788Z] [iam] error while checking permissions, command may fail: FirebaseError: Failed to make request to https://cloudresourcemanager.googleapis.com/v1/projects/saifuddinahammed-monna:testIamPermissions
[debug] [2023-02-11T05:36:14.790Z] >>> [apiv2][query] GET https://firebase.googleapis.com/v1beta1/projects/saifuddinahammed-monna [none]
[debug] [2023-02-11T05:36:14.801Z] Failed to make request to https://firebase.googleapis.com/v1beta1/projects/saifuddinahammed-monna
[debug] [2023-02-11T05:36:14.809Z] FirebaseError: Failed to make request to https://firebase.googleapis.com/v1beta1/projects/saifuddinahammed-monna
    at RetryOperation._fn (C:\Users\Munna\AppData\Roaming\npm\node_modules\firebase-tools\lib\apiv2.js:242:31)
    at process.processTicksAndRejections (node:internal/process/task_queues:95:5)
[error] 
[error] Error: Failed to get Firebase project saifuddinahammed-monna. Please make sure the project exists and your account has permission to access it.
[debug] [2023-02-11T05:38:19.147Z] ----------------------------------------------------------------------
[debug] [2023-02-11T05:38:19.149Z] Command:       C:\Program Files\nodejs\node.exe C:\Users\Munna\AppData\Roaming\npm\node_modules\firebase-tools\lib\bin\firebase.js deploy
[debug] [2023-02-11T05:38:19.150Z] CLI Version:   11.20.0
[debug] [2023-02-11T05:38:19.150Z] Platform:      win32
[debug] [2023-02-11T05:38:19.150Z] Node Version:  v18.7.0
[debug] [2023-02-11T05:38:19.151Z] Time:          Sat Feb 11 2023 11:38:19 GMT+0600 (Bangladesh Standard Time)
[debug] [2023-02-11T05:38:19.151Z] ----------------------------------------------------------------------
[debug] 
[debug] [2023-02-11T05:38:19.242Z] > command requires scopes: ["email","openid","https://www.googleapis.com/auth/cloudplatformprojects.readonly","https://www.googleapis.com/auth/firebase","https://www.googleapis.com/auth/cloud-platform"]
[debug] [2023-02-11T05:38:19.243Z] > authorizing via signed-in user (saifuddinmonna@gmail.com)
[debug] [2023-02-11T05:38:19.243Z] [iam] checking project saifuddinahammed-monna for permissions ["firebase.projects.get","firebasehosting.sites.update"]
[debug] [2023-02-11T05:38:19.246Z] >>> [apiv2][query] POST https://cloudresourcemanager.googleapis.com/v1/projects/saifuddinahammed-monna:testIamPermissions [none]
[debug] [2023-02-11T05:38:19.246Z] >>> [apiv2][(partial)header] POST https://cloudresourcemanager.googleapis.com/v1/projects/saifuddinahammed-monna:testIamPermissions x-goog-quota-user=projects/saifuddinahammed-monna
[debug] [2023-02-11T05:38:19.246Z] >>> [apiv2][body] POST https://cloudresourcemanager.googleapis.com/v1/projects/saifuddinahammed-monna:testIamPermissions {"permissions":["firebase.projects.get","firebasehosting.sites.update"]}
[debug] [2023-02-11T05:38:19.301Z] [iam] error while checking permissions, command may fail: FirebaseError: Failed to make request to https://cloudresourcemanager.googleapis.com/v1/projects/saifuddinahammed-monna:testIamPermissions
[debug] [2023-02-11T05:38:19.303Z] >>> [apiv2][query] GET https://firebase.googleapis.com/v1beta1/projects/saifuddinahammed-monna [none]
[debug] [2023-02-11T05:38:19.312Z] Failed to make request to https://firebase.googleapis.com/v1beta1/projects/saifuddinahammed-monna
[debug] [2023-02-11T05:38:19.317Z] FirebaseError: Failed to make request to https://firebase.googleapis.com/v1beta1/projects/saifuddinahammed-monna
    at RetryOperation._fn (C:\Users\Munna\AppData\Roaming\npm\node_modules\firebase-tools\lib\apiv2.js:242:31)
    at process.processTicksAndRejections (node:internal/process/task_queues:95:5)
[error] 
[error] Error: Failed to get Firebase project saifuddinahammed-monna. Please make sure the project exists and your account has permission to access it.
[debug] [2023-02-11T05:39:42.450Z] ----------------------------------------------------------------------
[debug] [2023-02-11T05:39:42.452Z] Command:       C:\Program Files\nodejs\node.exe C:\Users\Munna\AppData\Roaming\npm\node_modules\firebase-tools\lib\bin\firebase.js deploy
[debug] [2023-02-11T05:39:42.453Z] CLI Version:   11.20.0
[debug] [2023-02-11T05:39:42.453Z] Platform:      win32
[debug] [2023-02-11T05:39:42.453Z] Node Version:  v18.7.0
[debug] [2023-02-11T05:39:42.454Z] Time:          Sat Feb 11 2023 11:39:42 GMT+0600 (Bangladesh Standard Time)
[debug] [2023-02-11T05:39:42.455Z] ----------------------------------------------------------------------
[debug] 
[debug] [2023-02-11T05:39:42.544Z] > command requires scopes: ["email","openid","https://www.googleapis.com/auth/cloudplatformprojects.readonly","https://www.googleapis.com/auth/firebase","https://www.googleapis.com/auth/cloud-platform"]
[debug] [2023-02-11T05:39:42.545Z] > authorizing via signed-in user (saifuddinmonna@gmail.com)
[debug] [2023-02-11T05:39:42.545Z] [iam] checking project saifuddinahammed-monna for permissions ["firebase.projects.get","firebasehosting.sites.update"]
[debug] [2023-02-11T05:39:42.547Z] > refreshing access token with scopes: []
[debug] [2023-02-11T05:39:42.549Z] >>> [apiv2][query] POST https://www.googleapis.com/oauth2/v3/token [none]
[debug] [2023-02-11T05:39:42.550Z] >>> [apiv2][body] POST https://www.googleapis.com/oauth2/v3/token [omitted]
[debug] [2023-02-11T05:39:42.608Z] [iam] error while checking permissions, command may fail: FirebaseError: Authentication Error: Your credentials are no longer valid. Please run firebase login --reauth

For CI servers and headless environments, generate a new token with firebase login:ci
[debug] [2023-02-11T05:39:42.608Z] > refreshing access token with scopes: []
[debug] [2023-02-11T05:39:42.609Z] >>> [apiv2][query] POST https://www.googleapis.com/oauth2/v3/token [none]
[debug] [2023-02-11T05:39:42.609Z] >>> [apiv2][body] POST https://www.googleapis.com/oauth2/v3/token [omitted]
[debug] [2023-02-11T05:39:42.617Z] Authentication Error: Your credentials are no longer valid. Please run firebase login --reauth

For CI servers and headless environments, generate a new token with firebase login:ci
[debug] [2023-02-11T05:39:42.624Z] FirebaseError: Authentication Error: Your credentials are no longer valid. Please run firebase login --reauth

For CI servers and headless environments, generate a new token with firebase login:ci
    at invalidCredentialError (C:\Users\Munna\AppData\Roaming\npm\node_modules\firebase-tools\lib\auth.js:144:12)
    at refreshTokens (C:\Users\Munna\AppData\Roaming\npm\node_modules\firebase-tools\lib\auth.js:508:15)
    at process.processTicksAndRejections (node:internal/process/task_queues:95:5)
    at async Client.getAccessToken (C:\Users\Munna\AppData\Roaming\npm\node_modules\firebase-tools\lib\apiv2.js:149:23)
    at async Client.addAuthHeader (C:\Users\Munna\AppData\Roaming\npm\node_modules\firebase-tools\lib\apiv2.js:140:21)
    at async Client.request (C:\Users\Munna\AppData\Roaming\npm\node_modules\firebase-tools\lib\apiv2.js:96:34)
    at async getFirebaseProject (C:\Users\Munna\AppData\Roaming\npm\node_modules\firebase-tools\lib\management\projects.js:295:21)
    at async getDefaultHostingSite (C:\Users\Munna\AppData\Roaming\npm\node_modules\firebase-tools\lib\getDefaultHostingSite.js:8:21)
    at async requireHostingSite (C:\Users\Munna\AppData\Roaming\npm\node_modules\firebase-tools\lib\requireHostingSite.js:9:18)
    at async Object.fn (C:\Users\Munna\AppData\Roaming\npm\node_modules\firebase-tools\lib\commands\deploy.js:74:9)
    at async C:\Users\Munna\AppData\Roaming\npm\node_modules\firebase-tools\lib\command.js:214:17
[error] 
[error] Error: Failed to get Firebase project saifuddinahammed-monna. Please make sure the project exists and your account has permission to access it.
